<?xml version="1.0" encoding="UTF-8"?>
<testng-results ignored="8" total="11" passed="3" failed="0" skipped="0">
  <reporter-output>
  </reporter-output>
  <suite started-at="2023-07-10T20:19:19 IST" name="Gradle suite" finished-at="2023-07-10T20:20:54 IST" duration-ms="94820">
    <groups>
    </groups>
    <test started-at="2023-07-10T20:19:19 IST" name="Gradle test" finished-at="2023-07-10T20:20:54 IST" duration-ms="94820">
      <class name="qtriptest.tests.testCase_01">
        <test-method is-config="true" signature="createDriver()[pri:0, instance:qtriptest.tests.testCase_01@428640fa]" started-at="2023-07-10T20:19:16 IST" name="createDriver" finished-at="2023-07-10T20:19:19 IST" duration-ms="3118" status="PASS">
          <reporter-output>
          </reporter-output>
        </test-method> <!-- createDriver -->
        <test-method signature="TestCase01(java.lang.String,java.lang.String)[pri:0, instance:qtriptest.tests.testCase_01@428640fa]" started-at="2023-07-10T20:19:21 IST" name="TestCase01" description="Verify user registration - login - logout" data-provider="data-provider" finished-at="2023-07-10T20:19:52 IST" duration-ms="31289" status="PASS">
          <params>
            <param index="0">
              <value>
                <![CDATA[testuser@gmail.com]]>
              </value>
            </param>
            <param index="1">
              <value>
                <![CDATA[abc@123]]>
              </value>
            </param>
          </params>
          <reporter-output>
          </reporter-output>
        </test-method> <!-- TestCase01 -->
        <test-method signature="TestCase01(java.lang.String,java.lang.String)[pri:0, instance:qtriptest.tests.testCase_01@428640fa]" started-at="2023-07-10T20:19:52 IST" name="TestCase01" description="Verify user registration - login - logout" data-provider="data-provider" finished-at="2023-07-10T20:20:23 IST" duration-ms="30953" status="PASS">
          <params>
            <param index="0">
              <value>
                <![CDATA[TESTUSER@gmail.com]]>
              </value>
            </param>
            <param index="1">
              <value>
                <![CDATA[123456]]>
              </value>
            </param>
          </params>
          <reporter-output>
          </reporter-output>
        </test-method> <!-- TestCase01 -->
        <test-method signature="TestCase01(java.lang.String,java.lang.String)[pri:0, instance:qtriptest.tests.testCase_01@428640fa]" started-at="2023-07-10T20:20:23 IST" name="TestCase01" description="Verify user registration - login - logout" data-provider="data-provider" finished-at="2023-07-10T20:20:54 IST" duration-ms="30892" status="PASS">
          <params>
            <param index="0">
              <value>
                <![CDATA[123_USER_low@gmail.com]]>
              </value>
            </param>
            <param index="1">
              <value>
                <![CDATA[QWERTY!!!!]]>
              </value>
            </param>
          </params>
          <reporter-output>
          </reporter-output>
        </test-method> <!-- TestCase01 -->
      </class> <!-- qtriptest.tests.testCase_01 -->
    </test> <!-- Gradle test -->
  </suite> <!-- Gradle suite -->
</testng-results>
